./simulate: QEMU command: qemu-system-arm -machine xilinx-zynq-a9  -nographic -serial null -serial mon:stdio -m size=1024M  -kernel images/capdl-loader-image-arm-zynq7000 
ELF-loader started on CPU: ARM Ltd. Cortex-A9 r3p0
  paddr=[6ae000..902ec3]
No DTB passed in from boot loader.
Looking for DTB in CPIO archive...found at 7b1f24.
Loaded DTB from 7b1f24.
   paddr=[3c000..3efff]
ELF-loading image 'kernel' to 0
  paddr=[0..3bfff]
  vaddr=[e0000000..e003bfff]
  virt_entry=e0000000
ELF-loading image 'capdl-loader' to 3f000
  paddr=[3f000..2b8fff]
  vaddr=[10000..289fff]
  virt_entry=1a994
Enabling MMU and paging
Bootstrapping kernel
Warning: Could not infer GIC interrupt target ID, assuming 0.
available phys memory regions: 1
  [0..40000000]
reserved virt address space regions: 4
  [e0000000..e003c000]
  [e003c000..e003ee47]
  [e003f000..e02b9000]
  [ff000000..ff100000]
Booting all finished, dropped to user space
main@main.c:2128 Starting CapDL Loader...
parse_bootinfo@main.c:428 Parsing bootinfo...
parse_bootinfo@main.c:441   64790 free cap slots, from 746 to 65536
parse_bootinfo@main.c:499 Loader is running in domain 0
sort_untypeds@main.c:381 Sorting untypeds...
sort_untypeds@main.c:405 Untyped   0 (cptr=0x290) (addr=0x1ff00000) is of size 20. Skipping as it is device
sort_untypeds@main.c:405 Untyped   1 (cptr=0x291) (addr=0x20000000) is of size 29. Skipping as it is device
sort_untypeds@main.c:405 Untyped   2 (cptr=0x292) (addr=0x40000000) is of size 29. Skipping as it is device
sort_untypeds@main.c:405 Untyped   3 (cptr=0x293) (addr=0x60000000) is of size 29. Skipping as it is device
sort_untypeds@main.c:405 Untyped   4 (cptr=0x294) (addr=0x80000000) is of size 29. Skipping as it is device
sort_untypeds@main.c:405 Untyped   5 (cptr=0x295) (addr=0xa0000000) is of size 29. Skipping as it is device
sort_untypeds@main.c:405 Untyped   6 (cptr=0x296) (addr=0xc0000000) is of size 29. Skipping as it is device
sort_untypeds@main.c:405 Untyped   7 (cptr=0x297) (addr=0xe0000000) is of size 28. Skipping as it is device
sort_untypeds@main.c:405 Untyped   8 (cptr=0x298) (addr=0xf0000000) is of size 27. Skipping as it is device
sort_untypeds@main.c:405 Untyped   9 (cptr=0x299) (addr=0xf8000000) is of size 23. Skipping as it is device
sort_untypeds@main.c:405 Untyped  10 (cptr=0x29a) (addr=0xf8800000) is of size 22. Skipping as it is device
sort_untypeds@main.c:405 Untyped  11 (cptr=0x29b) (addr=0xf8c00000) is of size 21. Skipping as it is device
sort_untypeds@main.c:405 Untyped  12 (cptr=0x29c) (addr=0xf8e00000) is of size 20. Skipping as it is device
sort_untypeds@main.c:405 Untyped  13 (cptr=0x29d) (addr=0xf8f03000) is of size 12. Skipping as it is device
sort_untypeds@main.c:405 Untyped  14 (cptr=0x29e) (addr=0xf8f04000) is of size 14. Skipping as it is device
sort_untypeds@main.c:405 Untyped  15 (cptr=0x29f) (addr=0xf8f08000) is of size 15. Skipping as it is device
sort_untypeds@main.c:405 Untyped  16 (cptr=0x2a0) (addr=0xf8f10000) is of size 16. Skipping as it is device
sort_untypeds@main.c:405 Untyped  17 (cptr=0x2a1) (addr=0xf8f20000) is of size 17. Skipping as it is device
sort_untypeds@main.c:405 Untyped  18 (cptr=0x2a2) (addr=0xf8f40000) is of size 18. Skipping as it is device
sort_untypeds@main.c:405 Untyped  19 (cptr=0x2a3) (addr=0xf8f80000) is of size 19. Skipping as it is device
sort_untypeds@main.c:405 Untyped  20 (cptr=0x2a4) (addr=0xf9000000) is of size 24. Skipping as it is device
sort_untypeds@main.c:405 Untyped  21 (cptr=0x2a5) (addr=0xfa000000) is of size 25. Skipping as it is device
sort_untypeds@main.c:405 Untyped  22 (cptr=0x2a6) (addr=0xfc000000) is of size 25. Skipping as it is device
sort_untypeds@main.c:405 Untyped  23 (cptr=0x2a7) (addr=0xfe000000) is of size 24. Skipping as it is device
sort_untypeds@main.c:405 Untyped  24 (cptr=0x2a8) (addr=0xff000000) is of size 23. Skipping as it is device
sort_untypeds@main.c:405 Untyped  25 (cptr=0x2a9) (addr=0xff800000) is of size 22. Skipping as it is device
sort_untypeds@main.c:405 Untyped  26 (cptr=0x2aa) (addr=0xffc00000) is of size 21. Skipping as it is device
sort_untypeds@main.c:405 Untyped  27 (cptr=0x2ab) (addr=0xffe00000) is of size 20. Skipping as it is device
sort_untypeds@main.c:405 Untyped  28 (cptr=0x2ac) (addr=0xfff00000) is of size 19. Skipping as it is device
sort_untypeds@main.c:405 Untyped  29 (cptr=0x2ad) (addr=0xfff80000) is of size 18. Skipping as it is device
sort_untypeds@main.c:405 Untyped  30 (cptr=0x2ae) (addr=0xfffc0000) is of size 17. Skipping as it is device
sort_untypeds@main.c:405 Untyped  31 (cptr=0x2af) (addr=0xfffe0000) is of size 16. Skipping as it is device
sort_untypeds@main.c:405 Untyped  32 (cptr=0x2b0) (addr=0xffff0000) is of size 15. Skipping as it is device
sort_untypeds@main.c:405 Untyped  33 (cptr=0x2b1) (addr=0xffff8000) is of size 14. Skipping as it is device
sort_untypeds@main.c:405 Untyped  34 (cptr=0x2b2) (addr=0xffffc000) is of size 13. Skipping as it is device
sort_untypeds@main.c:405 Untyped  35 (cptr=0x2b3) (addr=0xffffe000) is of size 12. Skipping as it is device
sort_untypeds@main.c:405 Untyped  36 (cptr=0x2b4) (addr=0xfffff000) is of size 11. Skipping as it is device
sort_untypeds@main.c:405 Untyped  37 (cptr=0x2b5) (addr=0xfffff800) is of size 10. Skipping as it is device
sort_untypeds@main.c:405 Untyped  38 (cptr=0x2b6) (addr=0xfffffc00) is of size  9. Skipping as it is device
sort_untypeds@main.c:405 Untyped  39 (cptr=0x2b7) (addr=0xfffffe00) is of size  8. Skipping as it is device
sort_untypeds@main.c:405 Untyped  40 (cptr=0x2b8) (addr=0xffffff00) is of size  7. Skipping as it is device
sort_untypeds@main.c:405 Untyped  41 (cptr=0x2b9) (addr=0xffffff80) is of size  6. Skipping as it is device
sort_untypeds@main.c:405 Untyped  42 (cptr=0x2ba) (addr=0xffffffc0) is of size  5. Skipping as it is device
sort_untypeds@main.c:405 Untyped  43 (cptr=0x2bb) (addr=0xffffffe0) is of size  4. Skipping as it is device
sort_untypeds@main.c:410 Untyped  44 (cptr=0x2bc) (addr=0) is of size 16. Placing in slot 20...
sort_untypeds@main.c:410 Untyped  45 (cptr=0x2bd) (addr=0x3ee50) is of size  4. Placing in slot 29...
sort_untypeds@main.c:410 Untyped  46 (cptr=0x2be) (addr=0x3ee60) is of size  5. Placing in slot 28...
sort_untypeds@main.c:410 Untyped  47 (cptr=0x2bf) (addr=0x3ee80) is of size  7. Placing in slot 27...
sort_untypeds@main.c:410 Untyped  48 (cptr=0x2c0) (addr=0x3ef00) is of size  8. Placing in slot 26...
sort_untypeds@main.c:410 Untyped  49 (cptr=0x2c1) (addr=0x2b9000) is of size 12. Placing in slot 25...
sort_untypeds@main.c:410 Untyped  50 (cptr=0x2c2) (addr=0x2ba000) is of size 13. Placing in slot 24...
sort_untypeds@main.c:410 Untyped  51 (cptr=0x2c3) (addr=0x2bc000) is of size 14. Placing in slot 22...
sort_untypeds@main.c:410 Untyped  52 (cptr=0x2c4) (addr=0x2c0000) is of size 18. Placing in slot 17...
sort_untypeds@main.c:410 Untyped  53 (cptr=0x2c5) (addr=0x300000) is of size 20. Placing in slot 13...
sort_untypeds@main.c:410 Untyped  54 (cptr=0x2c6) (addr=0x400000) is of size 22. Placing in slot 9...
sort_untypeds@main.c:410 Untyped  55 (cptr=0x2c7) (addr=0x800000) is of size 23. Placing in slot 8...
sort_untypeds@main.c:410 Untyped  56 (cptr=0x2c8) (addr=0x1000000) is of size 24. Placing in slot 6...
sort_untypeds@main.c:410 Untyped  57 (cptr=0x2c9) (addr=0x2000000) is of size 25. Placing in slot 4...
sort_untypeds@main.c:410 Untyped  58 (cptr=0x2ca) (addr=0x4000000) is of size 26. Placing in slot 2...
sort_untypeds@main.c:410 Untyped  59 (cptr=0x2cb) (addr=0x8000000) is of size 27. Placing in slot 0...
sort_untypeds@main.c:410 Untyped  60 (cptr=0x2cc) (addr=0x10000000) is of size 27. Placing in slot 1...
sort_untypeds@main.c:410 Untyped  61 (cptr=0x2cd) (addr=0x18000000) is of size 26. Placing in slot 3...
sort_untypeds@main.c:410 Untyped  62 (cptr=0x2ce) (addr=0x1c000000) is of size 25. Placing in slot 5...
sort_untypeds@main.c:410 Untyped  63 (cptr=0x2cf) (addr=0x1e000000) is of size 24. Placing in slot 7...
sort_untypeds@main.c:410 Untyped  64 (cptr=0x2d0) (addr=0x1f100000) is of size 20. Placing in slot 14...
sort_untypeds@main.c:410 Untyped  65 (cptr=0x2d1) (addr=0x1f200000) is of size 21. Placing in slot 12...
sort_untypeds@main.c:410 Untyped  66 (cptr=0x2d2) (addr=0x1f400000) is of size 22. Placing in slot 10...
sort_untypeds@main.c:410 Untyped  67 (cptr=0x2d3) (addr=0x1f800000) is of size 22. Placing in slot 11...
sort_untypeds@main.c:410 Untyped  68 (cptr=0x2d4) (addr=0x1fc00000) is of size 20. Placing in slot 15...
sort_untypeds@main.c:410 Untyped  69 (cptr=0x2d5) (addr=0x1fe0c000) is of size 14. Placing in slot 23...
sort_untypeds@main.c:410 Untyped  70 (cptr=0x2d6) (addr=0x1fe10000) is of size 16. Placing in slot 21...
sort_untypeds@main.c:410 Untyped  71 (cptr=0x2d7) (addr=0x1fe20000) is of size 17. Placing in slot 19...
sort_untypeds@main.c:410 Untyped  72 (cptr=0x2d8) (addr=0x1fe40000) is of size 18. Placing in slot 18...
sort_untypeds@main.c:410 Untyped  73 (cptr=0x2d9) (addr=0x1fe80000) is of size 19. Placing in slot 16...
create_objects@main.c:786 Creating objects...
create_objects@main.c:807 Creating object device_untyped in slot 746, from untyped 2cb...
create_object@main.c:672  device frame/untyped, paddr = 0xf8001000, size = 12 bits
create_objects@main.c:807 Creating object frame_client_0000 in slot 747, from untyped 2cb...
create_objects@main.c:807 Creating object frame_client_0033 in slot 748, from untyped 2cb...
create_objects@main.c:807 Creating object frame_client_0034 in slot 749, from untyped 2cb...
create_objects@main.c:807 Creating object frame_client_0035 in slot 750, from untyped 2cb...
create_objects@main.c:807 Creating object frame_client_0036 in slot 751, from untyped 2cb...
create_objects@main.c:807 Creating object frame_client_0037 in slot 752, from untyped 2cb...
create_objects@main.c:807 Creating object frame_client_0038 in slot 753, from untyped 2cb...
create_objects@main.c:807 Creating object frame_client_0039 in slot 754, from untyped 2cb...
create_objects@main.c:807 Creating object frame_client_0040 in slot 755, from untyped 2cb...
create_objects@main.c:807 Creating object frame_client_0041 in slot 756, from untyped 2cb...
create_objects@main.c:807 Creating object frame_client_0042 in slot 757, from untyped 2cb...
create_objects@main.c:807 Creating object frame_client_0043 in slot 758, from untyped 2cb...
create_objects@main.c:807 Creating object frame_client_0044 in slot 759, from untyped 2cb...
create_objects@main.c:807 Creating object frame_client_0045 in slot 760, from untyped 2cb...
create_objects@main.c:807 Creating object frame_client_0046 in slot 761, from untyped 2cb...
create_objects@main.c:807 Creating object frame_client_0047 in slot 762, from untyped 2cb...
create_objects@main.c:807 Creating object frame_client_0048 in slot 763, from untyped 2cb...
create_objects@main.c:807 Creating object frame_timer_0000 in slot 764, from untyped 2cb...
create_objects@main.c:807 Creating object frame_timer_0049 in slot 765, from untyped 2cb...
create_objects@main.c:807 Creating object frame_timer_0050 in slot 766, from untyped 2cb...
create_objects@main.c:807 Creating object frame_timer_0051 in slot 767, from untyped 2cb...
create_objects@main.c:807 Creating object frame_timer_0052 in slot 768, from untyped 2cb...
create_objects@main.c:807 Creating object frame_timer_0053 in slot 769, from untyped 2cb...
create_objects@main.c:807 Creating object frame_timer_0054 in slot 770, from untyped 2cb...
create_objects@main.c:807 Creating object frame_timer_0055 in slot 771, from untyped 2cb...
create_objects@main.c:807 Creating object frame_timer_0056 in slot 772, from untyped 2cb...
create_objects@main.c:807 Creating object frame_timer_0057 in slot 773, from untyped 2cb...
create_objects@main.c:807 Creating object frame_timer_0058 in slot 774, from untyped 2cb...
create_objects@main.c:807 Creating object frame_timer_0059 in slot 775, from untyped 2cb...
create_objects@main.c:807 Creating object frame_timer_0060 in slot 776, from untyped 2cb...
create_objects@main.c:807 Creating object frame_timer_0061 in slot 777, from untyped 2cb...
create_objects@main.c:807 Creating object frame_timer_0062 in slot 778, from untyped 2cb...
create_objects@main.c:807 Creating object frame_timer_0063 in slot 779, from untyped 2cb...
create_objects@main.c:807 Creating object vspace_client in slot 780, from untyped 2cb...
create_objects@main.c:807 Creating object vspace_timer in slot 781, from untyped 2cb...
create_objects@main.c:807 Creating object frame in slot 782, from untyped 2cb...
create_objects@main.c:807 Creating object frame_client_0001 in slot 783, from untyped 2cb...
create_objects@main.c:807 Creating object frame_client_0002 in slot 784, from untyped 2cb...
create_objects@main.c:807 Creating object frame_client_0003 in slot 785, from untyped 2cb...
create_objects@main.c:807 Creating object frame_client_0004 in slot 786, from untyped 2cb...
create_objects@main.c:807 Creating object frame_client_0005 in slot 787, from untyped 2cb...
create_objects@main.c:807 Creating object frame_client_0006 in slot 788, from untyped 2cb...
create_objects@main.c:807 Creating object frame_client_0007 in slot 789, from untyped 2cb...
create_objects@main.c:807 Creating object frame_client_0008 in slot 790, from untyped 2cb...
create_objects@main.c:807 Creating object frame_client_0009 in slot 791, from untyped 2cb...
create_objects@main.c:807 Creating object frame_client_0010 in slot 792, from untyped 2cb...
create_objects@main.c:807 Creating object frame_client_0011 in slot 793, from untyped 2cb...
create_objects@main.c:807 Creating object frame_client_0012 in slot 794, from untyped 2cb...
create_objects@main.c:807 Creating object frame_client_0013 in slot 795, from untyped 2cb...
create_objects@main.c:807 Creating object frame_client_0031 in slot 796, from untyped 2cb...
create_objects@main.c:807 Creating object frame_client_0032 in slot 797, from untyped 2cb...
create_objects@main.c:807 Creating object frame_client_0049 in slot 798, from untyped 2cb...
create_objects@main.c:807 Creating object frame_client_0050 in slot 799, from untyped 2cb...
create_objects@main.c:807 Creating object frame_client_0051 in slot 800, from untyped 2cb...
create_objects@main.c:807 Creating object frame_client_0052 in slot 801, from untyped 2cb...
create_objects@main.c:807 Creating object frame_client_0053 in slot 802, from untyped 2cb...
create_objects@main.c:807 Creating object frame_timer_0001 in slot 803, from untyped 2cb...
create_objects@main.c:807 Creating object frame_timer_0002 in slot 804, from untyped 2cb...
create_objects@main.c:807 Creating object frame_timer_0003 in slot 805, from untyped 2cb...
create_objects@main.c:807 Creating object frame_timer_0004 in slot 806, from untyped 2cb...
create_objects@main.c:807 Creating object frame_timer_0005 in slot 807, from untyped 2cb...
create_objects@main.c:807 Creating object frame_timer_0006 in slot 808, from untyped 2cb...
create_objects@main.c:807 Creating object frame_timer_0007 in slot 809, from untyped 2cb...
create_objects@main.c:807 Creating object frame_timer_0008 in slot 810, from untyped 2cb...
create_objects@main.c:807 Creating object frame_timer_0009 in slot 811, from untyped 2cb...
create_objects@main.c:807 Creating object frame_timer_0010 in slot 812, from untyped 2cb...
create_objects@main.c:807 Creating object frame_timer_0011 in slot 813, from untyped 2cb...
create_objects@main.c:807 Creating object frame_timer_0012 in slot 814, from untyped 2cb...
create_objects@main.c:807 Creating object frame_timer_0013 in slot 815, from untyped 2cb...
create_objects@main.c:807 Creating object frame_timer_0014 in slot 816, from untyped 2cb...
create_objects@main.c:807 Creating object frame_timer_0015 in slot 817, from untyped 2cb...
create_objects@main.c:807 Creating object frame_timer_0034 in slot 818, from untyped 2cb...
create_objects@main.c:807 Creating object frame_timer_0035 in slot 819, from untyped 2cb...
create_objects@main.c:807 Creating object frame_timer_0036 in slot 820, from untyped 2cb...
create_objects@main.c:807 Creating object frame_timer_0037 in slot 821, from untyped 2cb...
create_objects@main.c:807 Creating object frame_timer_0038 in slot 822, from untyped 2cb...
create_objects@main.c:807 Creating object frame_timer_0039 in slot 823, from untyped 2cb...
create_objects@main.c:807 Creating object frame_timer_0040 in slot 824, from untyped 2cb...
create_objects@main.c:807 Creating object frame_timer_0041 in slot 825, from untyped 2cb...
create_objects@main.c:807 Creating object frame_timer_0042 in slot 826, from untyped 2cb...
create_objects@main.c:807 Creating object frame_timer_0043 in slot 827, from untyped 2cb...
create_objects@main.c:807 Creating object frame_timer_0044 in slot 828, from untyped 2cb...
create_objects@main.c:807 Creating object frame_timer_0045 in slot 829, from untyped 2cb...
create_objects@main.c:807 Creating object frame_timer_0046 in slot 830, from untyped 2cb...
create_objects@main.c:807 Creating object frame_timer_0047 in slot 831, from untyped 2cb...
create_objects@main.c:807 Creating object frame_timer_0048 in slot 832, from untyped 2cb...
create_objects@main.c:807 Creating object frame_timer_0064 in slot 833, from untyped 2cb...
create_objects@main.c:807 Creating object frame_timer_0065 in slot 834, from untyped 2cb...
create_objects@main.c:807 Creating object frame_timer_0066 in slot 835, from untyped 2cb...
create_objects@main.c:807 Creating object frame_timer_0067 in slot 836, from untyped 2cb...
create_objects@main.c:807 Creating object frame_timer_0068 in slot 837, from untyped 2cb...
create_objects@main.c:807 Creating object frame_timer_0069 in slot 838, from untyped 2cb...
create_objects@main.c:807 Creating object frame_timer_0070 in slot 839, from untyped 2cb...
create_objects@main.c:807 Creating object frame_timer_0071 in slot 840, from untyped 2cb...
create_objects@main.c:807 Creating object ipc_client_obj in slot 841, from untyped 2cb...
create_objects@main.c:807 Creating object ipc_timer_obj in slot 842, from untyped 2cb...
create_objects@main.c:807 Creating object stack_0_client_obj in slot 843, from untyped 2cb...
create_objects@main.c:807 Creating object stack_0_timer_obj in slot 844, from untyped 2cb...
create_objects@main.c:807 Creating object stack_10_client_obj in slot 845, from untyped 2cb...
create_objects@main.c:807 Creating object stack_10_timer_obj in slot 846, from untyped 2cb...
create_objects@main.c:807 Creating object stack_11_client_obj in slot 847, from untyped 2cb...
create_objects@main.c:807 Creating object stack_11_timer_obj in slot 848, from untyped 2cb...
create_objects@main.c:807 Creating object stack_12_client_obj in slot 849, from untyped 2cb...
create_objects@main.c:807 Creating object stack_12_timer_obj in slot 850, from untyped 2cb...
create_objects@main.c:807 Creating object stack_13_client_obj in slot 851, from untyped 2cb...
create_objects@main.c:807 Creating object stack_13_timer_obj in slot 852, from untyped 2cb...
create_objects@main.c:807 Creating object stack_14_client_obj in slot 853, from untyped 2cb...
create_objects@main.c:807 Creating object stack_14_timer_obj in slot 854, from untyped 2cb...
create_objects@main.c:807 Creating object stack_15_client_obj in slot 855, from untyped 2cb...
create_objects@main.c:807 Creating object stack_15_timer_obj in slot 856, from untyped 2cb...
create_objects@main.c:807 Creating object stack_1_client_obj in slot 857, from untyped 2cb...
create_objects@main.c:807 Creating object stack_1_timer_obj in slot 858, from untyped 2cb...
create_objects@main.c:807 Creating object stack_2_client_obj in slot 859, from untyped 2cb...
create_objects@main.c:807 Creating object stack_2_timer_obj in slot 860, from untyped 2cb...
create_objects@main.c:807 Creating object stack_3_client_obj in slot 861, from untyped 2cb...
create_objects@main.c:807 Creating object stack_3_timer_obj in slot 862, from untyped 2cb...
create_objects@main.c:807 Creating object stack_4_client_obj in slot 863, from untyped 2cb...
create_objects@main.c:807 Creating object stack_4_timer_obj in slot 864, from untyped 2cb...
create_objects@main.c:807 Creating object stack_5_client_obj in slot 865, from untyped 2cb...
create_objects@main.c:807 Creating object stack_5_timer_obj in slot 866, from untyped 2cb...
create_objects@main.c:807 Creating object stack_6_client_obj in slot 867, from untyped 2cb...
create_objects@main.c:807 Creating object stack_6_timer_obj in slot 868, from untyped 2cb...
create_objects@main.c:807 Creating object stack_7_client_obj in slot 869, from untyped 2cb...
create_objects@main.c:807 Creating object stack_7_timer_obj in slot 870, from untyped 2cb...
create_objects@main.c:807 Creating object stack_8_client_obj in slot 871, from untyped 2cb...
create_objects@main.c:807 Creating object stack_8_timer_obj in slot 872, from untyped 2cb...
create_objects@main.c:807 Creating object stack_9_client_obj in slot 873, from untyped 2cb...
create_objects@main.c:807 Creating object stack_9_timer_obj in slot 874, from untyped 2cb...
create_objects@main.c:807 Creating object pt_client_0000 in slot 875, from untyped 2cb...
create_objects@main.c:807 Creating object pt_client_0046 in slot 876, from untyped 2cb...
create_objects@main.c:807 Creating object pt_timer_0000 in slot 877, from untyped 2cb...
create_objects@main.c:807 Creating object pt_timer_0061 in slot 878, from untyped 2cb...
create_objects@main.c:807 Creating object tcb_client in slot 879, from untyped 2cb...
create_objects@main.c:807 Creating object tcb_timer in slot 880, from untyped 2cb...
create_objects@main.c:807 Creating object cnode_timer in slot 881, from untyped 2cb...
create_object@main.c:634 [Cond failed: CDL_Obj_Type(obj) == CDL_CNode]
	 (CNode of size 4 bits)
create_objects@main.c:807 Creating object cnode_client in slot 882, from untyped 2cb...
create_object@main.c:634 [Cond failed: CDL_Obj_Type(obj) == CDL_CNode]
	 (CNode of size 2 bits)
create_objects@main.c:807 Creating object endpoint in slot 883, from untyped 2cb...
create_objects@main.c:807 Creating object ntfn in slot 884, from untyped 2cb...
create_irq_caps@main.c:902 Creating irq handler caps...
duplicate_caps@main.c:955 Duplicating CNodes...
duplicate_caps@main.c:958  Duplicating tcb_client...
duplicate_caps@main.c:958  Duplicating tcb_timer...
duplicate_caps@main.c:958  Duplicating cnode_timer...
duplicate_caps@main.c:958  Duplicating cnode_client...
init_irqs@main.c:1388 Initialising IRQ handler caps...
init_pd_asids@main.c:1408 Initialising Page Directory ASIDs...
init_pd_asids@main.c:1413  Initialising pd/pml4 ASID vspace_client...
init_pd_asids@main.c:1413  Initialising pd/pml4 ASID vspace_timer...
init_vspace@main.c:1674 Initialising VSpaces...
init_vspace@main.c:1696 ================================
init_vspace@main.c:1697 Initialising page directories...
init_vspace@main.c:1701  Initialising page directory vspace_client...
map_page_directory_slot@main.c:1612   Mapping slot 0 in vspace_client
map_page@main.c:1435    Mapping pt_client_0000 into vspace_client with rights={G: 0, R: 0, W: 0}, vaddr=0x0, vm_attribs=0x0
map_page_directory_slot@main.c:1612   Mapping slot 1 in vspace_client
map_page@main.c:1435    Mapping pt_client_0046 into vspace_client with rights={G: 0, R: 0, W: 0}, vaddr=0x100000, vm_attribs=0x0
init_vspace@main.c:1701  Initialising page directory vspace_timer...
map_page_directory_slot@main.c:1612   Mapping slot 0 in vspace_timer
map_page@main.c:1435    Mapping pt_timer_0000 into vspace_timer with rights={G: 0, R: 0, W: 0}, vaddr=0x0, vm_attribs=0x0
map_page_directory_slot@main.c:1612   Mapping slot 1 in vspace_timer
map_page@main.c:1435    Mapping pt_timer_0061 into vspace_timer with rights={G: 0, R: 0, W: 0}, vaddr=0x100000, vm_attribs=0x0
init_vspace@main.c:1706 ===========================
init_vspace@main.c:1707 Initialising page tables...
init_vspace@main.c:1710  Initialising page tables in vspace_client...
map_page_table_slot@main.c:1638   Mapping pt_client_0000 into vspace_client[16] with rights={G: 1, R: 1, W: 0}, vaddr=0x0
map_page@main.c:1435    Mapping frame_client_0000 into vspace_client with rights={G: 1, R: 1, W: 0}, vaddr=0x10000, vm_attribs=0x3
map_page_table_slot@main.c:1638   Mapping pt_client_0000 into vspace_client[32] with rights={G: 1, R: 1, W: 0}, vaddr=0x0
map_page@main.c:1435    Mapping frame_client_0001 into vspace_client with rights={G: 1, R: 1, W: 0}, vaddr=0x20000, vm_attribs=0x3
map_page_table_slot@main.c:1638   Mapping pt_client_0000 into vspace_client[33] with rights={G: 1, R: 1, W: 0}, vaddr=0x0
map_page@main.c:1435    Mapping frame_client_0002 into vspace_client with rights={G: 1, R: 1, W: 0}, vaddr=0x21000, vm_attribs=0x3
map_page_table_slot@main.c:1638   Mapping pt_client_0000 into vspace_client[34] with rights={G: 1, R: 1, W: 0}, vaddr=0x0
map_page@main.c:1435    Mapping frame_client_0003 into vspace_client with rights={G: 1, R: 1, W: 0}, vaddr=0x22000, vm_attribs=0x3
map_page_table_slot@main.c:1638   Mapping pt_client_0000 into vspace_client[35] with rights={G: 1, R: 1, W: 0}, vaddr=0x0
map_page@main.c:1435    Mapping frame_client_0004 into vspace_client with rights={G: 1, R: 1, W: 0}, vaddr=0x23000, vm_attribs=0x3
map_page_table_slot@main.c:1638   Mapping pt_client_0000 into vspace_client[36] with rights={G: 1, R: 1, W: 0}, vaddr=0x0
map_page@main.c:1435    Mapping frame_client_0005 into vspace_client with rights={G: 1, R: 1, W: 0}, vaddr=0x24000, vm_attribs=0x3
map_page_table_slot@main.c:1638   Mapping pt_client_0000 into vspace_client[37] with rights={G: 1, R: 1, W: 0}, vaddr=0x0
map_page@main.c:1435    Mapping frame_client_0006 into vspace_client with rights={G: 1, R: 1, W: 0}, vaddr=0x25000, vm_attribs=0x3
map_page_table_slot@main.c:1638   Mapping pt_client_0000 into vspace_client[38] with rights={G: 1, R: 1, W: 0}, vaddr=0x0
map_page@main.c:1435    Mapping frame_client_0007 into vspace_client with rights={G: 1, R: 1, W: 0}, vaddr=0x26000, vm_attribs=0x3
map_page_table_slot@main.c:1638   Mapping pt_client_0000 into vspace_client[39] with rights={G: 1, R: 1, W: 0}, vaddr=0x0
map_page@main.c:1435    Mapping frame_client_0008 into vspace_client with rights={G: 1, R: 1, W: 0}, vaddr=0x27000, vm_attribs=0x3
map_page_table_slot@main.c:1638   Mapping pt_client_0000 into vspace_client[40] with rights={G: 1, R: 1, W: 0}, vaddr=0x0
map_page@main.c:1435    Mapping frame_client_0009 into vspace_client with rights={G: 1, R: 1, W: 0}, vaddr=0x28000, vm_attribs=0x3
map_page_table_slot@main.c:1638   Mapping pt_client_0000 into vspace_client[41] with rights={G: 1, R: 1, W: 0}, vaddr=0x0
map_page@main.c:1435    Mapping frame_client_0010 into vspace_client with rights={G: 1, R: 1, W: 0}, vaddr=0x29000, vm_attribs=0x3
map_page_table_slot@main.c:1638   Mapping pt_client_0000 into vspace_client[42] with rights={G: 1, R: 1, W: 0}, vaddr=0x0
map_page@main.c:1435    Mapping frame_client_0011 into vspace_client with rights={G: 1, R: 1, W: 0}, vaddr=0x2a000, vm_attribs=0x3
map_page_table_slot@main.c:1638   Mapping pt_client_0000 into vspace_client[43] with rights={G: 0, R: 1, W: 1}, vaddr=0x0
map_page@main.c:1435    Mapping frame_client_0012 into vspace_client with rights={G: 0, R: 1, W: 1}, vaddr=0x2b000, vm_attribs=0x3
map_page_table_slot@main.c:1638   Mapping pt_client_0000 into vspace_client[44] with rights={G: 0, R: 1, W: 1}, vaddr=0x0
map_page@main.c:1435    Mapping frame_client_0013 into vspace_client with rights={G: 0, R: 1, W: 1}, vaddr=0x2c000, vm_attribs=0x3
map_page_table_slot@main.c:1638   Mapping pt_client_0000 into vspace_client[45] with rights={G: 0, R: 1, W: 1}, vaddr=0x0
map_page@main.c:1435    Mapping stack_0_client_obj into vspace_client with rights={G: 0, R: 1, W: 1}, vaddr=0x2d000, vm_attribs=0x3
map_page_table_slot@main.c:1638   Mapping pt_client_0000 into vspace_client[46] with rights={G: 0, R: 1, W: 1}, vaddr=0x0
map_page@main.c:1435    Mapping stack_1_client_obj into vspace_client with rights={G: 0, R: 1, W: 1}, vaddr=0x2e000, vm_attribs=0x3
map_page_table_slot@main.c:1638   Mapping pt_client_0000 into vspace_client[47] with rights={G: 0, R: 1, W: 1}, vaddr=0x0
map_page@main.c:1435    Mapping stack_2_client_obj into vspace_client with rights={G: 0, R: 1, W: 1}, vaddr=0x2f000, vm_attribs=0x3
map_page_table_slot@main.c:1638   Mapping pt_client_0000 into vspace_client[48] with rights={G: 0, R: 1, W: 1}, vaddr=0x0
map_page@main.c:1435    Mapping stack_3_client_obj into vspace_client with rights={G: 0, R: 1, W: 1}, vaddr=0x30000, vm_attribs=0x3
map_page_table_slot@main.c:1638   Mapping pt_client_0000 into vspace_client[49] with rights={G: 0, R: 1, W: 1}, vaddr=0x0
map_page@main.c:1435    Mapping stack_4_client_obj into vspace_client with rights={G: 0, R: 1, W: 1}, vaddr=0x31000, vm_attribs=0x3
map_page_table_slot@main.c:1638   Mapping pt_client_0000 into vspace_client[50] with rights={G: 0, R: 1, W: 1}, vaddr=0x0
map_page@main.c:1435    Mapping stack_5_client_obj into vspace_client with rights={G: 0, R: 1, W: 1}, vaddr=0x32000, vm_attribs=0x3
map_page_table_slot@main.c:1638   Mapping pt_client_0000 into vspace_client[51] with rights={G: 0, R: 1, W: 1}, vaddr=0x0
map_page@main.c:1435    Mapping stack_6_client_obj into vspace_client with rights={G: 0, R: 1, W: 1}, vaddr=0x33000, vm_attribs=0x3
map_page_table_slot@main.c:1638   Mapping pt_client_0000 into vspace_client[52] with rights={G: 0, R: 1, W: 1}, vaddr=0x0
map_page@main.c:1435    Mapping stack_7_client_obj into vspace_client with rights={G: 0, R: 1, W: 1}, vaddr=0x34000, vm_attribs=0x3
map_page_table_slot@main.c:1638   Mapping pt_client_0000 into vspace_client[53] with rights={G: 0, R: 1, W: 1}, vaddr=0x0
map_page@main.c:1435    Mapping stack_8_client_obj into vspace_client with rights={G: 0, R: 1, W: 1}, vaddr=0x35000, vm_attribs=0x3
map_page_table_slot@main.c:1638   Mapping pt_client_0000 into vspace_client[54] with rights={G: 0, R: 1, W: 1}, vaddr=0x0
map_page@main.c:1435    Mapping stack_9_client_obj into vspace_client with rights={G: 0, R: 1, W: 1}, vaddr=0x36000, vm_attribs=0x3
map_page_table_slot@main.c:1638   Mapping pt_client_0000 into vspace_client[55] with rights={G: 0, R: 1, W: 1}, vaddr=0x0
map_page@main.c:1435    Mapping stack_10_client_obj into vspace_client with rights={G: 0, R: 1, W: 1}, vaddr=0x37000, vm_attribs=0x3
map_page_table_slot@main.c:1638   Mapping pt_client_0000 into vspace_client[56] with rights={G: 0, R: 1, W: 1}, vaddr=0x0
map_page@main.c:1435    Mapping stack_11_client_obj into vspace_client with rights={G: 0, R: 1, W: 1}, vaddr=0x38000, vm_attribs=0x3
map_page_table_slot@main.c:1638   Mapping pt_client_0000 into vspace_client[57] with rights={G: 0, R: 1, W: 1}, vaddr=0x0
map_page@main.c:1435    Mapping stack_12_client_obj into vspace_client with rights={G: 0, R: 1, W: 1}, vaddr=0x39000, vm_attribs=0x3
map_page_table_slot@main.c:1638   Mapping pt_client_0000 into vspace_client[58] with rights={G: 0, R: 1, W: 1}, vaddr=0x0
map_page@main.c:1435    Mapping stack_13_client_obj into vspace_client with rights={G: 0, R: 1, W: 1}, vaddr=0x3a000, vm_attribs=0x3
map_page_table_slot@main.c:1638   Mapping pt_client_0000 into vspace_client[59] with rights={G: 0, R: 1, W: 1}, vaddr=0x0
map_page@main.c:1435    Mapping stack_14_client_obj into vspace_client with rights={G: 0, R: 1, W: 1}, vaddr=0x3b000, vm_attribs=0x3
map_page_table_slot@main.c:1638   Mapping pt_client_0000 into vspace_client[60] with rights={G: 0, R: 1, W: 1}, vaddr=0x0
map_page@main.c:1435    Mapping stack_15_client_obj into vspace_client with rights={G: 0, R: 1, W: 1}, vaddr=0x3c000, vm_attribs=0x3
map_page_table_slot@main.c:1638   Mapping pt_client_0000 into vspace_client[61] with rights={G: 0, R: 1, W: 1}, vaddr=0x0
map_page@main.c:1435    Mapping ipc_client_obj into vspace_client with rights={G: 0, R: 1, W: 1}, vaddr=0x3d000, vm_attribs=0x3
map_page_table_slot@main.c:1638   Mapping pt_client_0000 into vspace_client[62] with rights={G: 0, R: 1, W: 1}, vaddr=0x0
map_page@main.c:1435    Mapping frame_client_0031 into vspace_client with rights={G: 0, R: 1, W: 1}, vaddr=0x3e000, vm_attribs=0x3
map_page_table_slot@main.c:1638   Mapping pt_client_0000 into vspace_client[63] with rights={G: 0, R: 1, W: 1}, vaddr=0x0
map_page@main.c:1435    Mapping frame_client_0032 into vspace_client with rights={G: 0, R: 1, W: 1}, vaddr=0x3f000, vm_attribs=0x3
map_page_table_slot@main.c:1638   Mapping pt_client_0000 into vspace_client[64] with rights={G: 0, R: 1, W: 1}, vaddr=0x0
map_page@main.c:1435    Mapping frame_client_0033 into vspace_client with rights={G: 0, R: 1, W: 1}, vaddr=0x40000, vm_attribs=0x3
map_page_table_slot@main.c:1638   Mapping pt_client_0000 into vspace_client[80] with rights={G: 0, R: 1, W: 1}, vaddr=0x0
map_page@main.c:1435    Mapping frame_client_0034 into vspace_client with rights={G: 0, R: 1, W: 1}, vaddr=0x50000, vm_attribs=0x3
map_page_table_slot@main.c:1638   Mapping pt_client_0000 into vspace_client[96] with rights={G: 0, R: 1, W: 1}, vaddr=0x0
map_page@main.c:1435    Mapping frame_client_0035 into vspace_client with rights={G: 0, R: 1, W: 1}, vaddr=0x60000, vm_attribs=0x3
map_page_table_slot@main.c:1638   Mapping pt_client_0000 into vspace_client[112] with rights={G: 0, R: 1, W: 1}, vaddr=0x0
map_page@main.c:1435    Mapping frame_client_0036 into vspace_client with rights={G: 0, R: 1, W: 1}, vaddr=0x70000, vm_attribs=0x3
map_page_table_slot@main.c:1638   Mapping pt_client_0000 into vspace_client[128] with rights={G: 0, R: 1, W: 1}, vaddr=0x0
map_page@main.c:1435    Mapping frame_client_0037 into vspace_client with rights={G: 0, R: 1, W: 1}, vaddr=0x80000, vm_attribs=0x3
map_page_table_slot@main.c:1638   Mapping pt_client_0000 into vspace_client[144] with rights={G: 0, R: 1, W: 1}, vaddr=0x0
map_page@main.c:1435    Mapping frame_client_0038 into vspace_client with rights={G: 0, R: 1, W: 1}, vaddr=0x90000, vm_attribs=0x3
map_page_table_slot@main.c:1638   Mapping pt_client_0000 into vspace_client[160] with rights={G: 0, R: 1, W: 1}, vaddr=0x0
map_page@main.c:1435    Mapping frame_client_0039 into vspace_client with rights={G: 0, R: 1, W: 1}, vaddr=0xa0000, vm_attribs=0x3
map_page_table_slot@main.c:1638   Mapping pt_client_0000 into vspace_client[176] with rights={G: 0, R: 1, W: 1}, vaddr=0x0
map_page@main.c:1435    Mapping frame_client_0040 into vspace_client with rights={G: 0, R: 1, W: 1}, vaddr=0xb0000, vm_attribs=0x3
map_page_table_slot@main.c:1638   Mapping pt_client_0000 into vspace_client[192] with rights={G: 0, R: 1, W: 1}, vaddr=0x0
map_page@main.c:1435    Mapping frame_client_0041 into vspace_client with rights={G: 0, R: 1, W: 1}, vaddr=0xc0000, vm_attribs=0x3
map_page_table_slot@main.c:1638   Mapping pt_client_0000 into vspace_client[208] with rights={G: 0, R: 1, W: 1}, vaddr=0x0
map_page@main.c:1435    Mapping frame_client_0042 into vspace_client with rights={G: 0, R: 1, W: 1}, vaddr=0xd0000, vm_attribs=0x3
map_page_table_slot@main.c:1638   Mapping pt_client_0000 into vspace_client[224] with rights={G: 0, R: 1, W: 1}, vaddr=0x0
map_page@main.c:1435    Mapping frame_client_0043 into vspace_client with rights={G: 0, R: 1, W: 1}, vaddr=0xe0000, vm_attribs=0x3
map_page_table_slot@main.c:1638   Mapping pt_client_0000 into vspace_client[240] with rights={G: 0, R: 1, W: 1}, vaddr=0x0
map_page@main.c:1435    Mapping frame_client_0044 into vspace_client with rights={G: 0, R: 1, W: 1}, vaddr=0xf0000, vm_attribs=0x3
map_page_table_slot@main.c:1638   Mapping pt_client_0046 into vspace_client[0] with rights={G: 0, R: 1, W: 1}, vaddr=0x100000
map_page@main.c:1435    Mapping frame_client_0045 into vspace_client with rights={G: 0, R: 1, W: 1}, vaddr=0x100000, vm_attribs=0x3
map_page_table_slot@main.c:1638   Mapping pt_client_0046 into vspace_client[16] with rights={G: 0, R: 1, W: 1}, vaddr=0x100000
map_page@main.c:1435    Mapping frame_client_0046 into vspace_client with rights={G: 0, R: 1, W: 1}, vaddr=0x110000, vm_attribs=0x3
map_page_table_slot@main.c:1638   Mapping pt_client_0046 into vspace_client[32] with rights={G: 0, R: 1, W: 1}, vaddr=0x100000
map_page@main.c:1435    Mapping frame_client_0047 into vspace_client with rights={G: 0, R: 1, W: 1}, vaddr=0x120000, vm_attribs=0x3
map_page_table_slot@main.c:1638   Mapping pt_client_0046 into vspace_client[48] with rights={G: 0, R: 1, W: 1}, vaddr=0x100000
map_page@main.c:1435    Mapping frame_client_0048 into vspace_client with rights={G: 0, R: 1, W: 1}, vaddr=0x130000, vm_attribs=0x3
map_page_table_slot@main.c:1638   Mapping pt_client_0046 into vspace_client[64] with rights={G: 0, R: 1, W: 1}, vaddr=0x100000
map_page@main.c:1435    Mapping frame_client_0049 into vspace_client with rights={G: 0, R: 1, W: 1}, vaddr=0x140000, vm_attribs=0x3
map_page_table_slot@main.c:1638   Mapping pt_client_0046 into vspace_client[65] with rights={G: 0, R: 1, W: 1}, vaddr=0x100000
map_page@main.c:1435    Mapping frame_client_0050 into vspace_client with rights={G: 0, R: 1, W: 1}, vaddr=0x141000, vm_attribs=0x3
map_page_table_slot@main.c:1638   Mapping pt_client_0046 into vspace_client[66] with rights={G: 0, R: 1, W: 1}, vaddr=0x100000
map_page@main.c:1435    Mapping frame_client_0051 into vspace_client with rights={G: 0, R: 1, W: 1}, vaddr=0x142000, vm_attribs=0x3
map_page_table_slot@main.c:1638   Mapping pt_client_0046 into vspace_client[67] with rights={G: 0, R: 1, W: 1}, vaddr=0x100000
map_page@main.c:1435    Mapping frame_client_0052 into vspace_client with rights={G: 0, R: 1, W: 1}, vaddr=0x143000, vm_attribs=0x3
map_page_table_slot@main.c:1638   Mapping pt_client_0046 into vspace_client[68] with rights={G: 0, R: 1, W: 1}, vaddr=0x100000
map_page@main.c:1435    Mapping frame_client_0053 into vspace_client with rights={G: 0, R: 1, W: 1}, vaddr=0x144000, vm_attribs=0x3
init_vspace@main.c:1710  Initialising page tables in vspace_timer...
map_page_table_slot@main.c:1638   Mapping pt_timer_0000 into vspace_timer[16] with rights={G: 1, R: 1, W: 0}, vaddr=0x0
map_page@main.c:1435    Mapping frame_timer_0000 into vspace_timer with rights={G: 1, R: 1, W: 0}, vaddr=0x10000, vm_attribs=0x3
map_page_table_slot@main.c:1638   Mapping pt_timer_0000 into vspace_timer[32] with rights={G: 1, R: 1, W: 0}, vaddr=0x0
map_page@main.c:1435    Mapping frame_timer_0001 into vspace_timer with rights={G: 1, R: 1, W: 0}, vaddr=0x20000, vm_attribs=0x3
map_page_table_slot@main.c:1638   Mapping pt_timer_0000 into vspace_timer[33] with rights={G: 1, R: 1, W: 0}, vaddr=0x0
map_page@main.c:1435    Mapping frame_timer_0002 into vspace_timer with rights={G: 1, R: 1, W: 0}, vaddr=0x21000, vm_attribs=0x3
map_page_table_slot@main.c:1638   Mapping pt_timer_0000 into vspace_timer[34] with rights={G: 1, R: 1, W: 0}, vaddr=0x0
map_page@main.c:1435    Mapping frame_timer_0003 into vspace_timer with rights={G: 1, R: 1, W: 0}, vaddr=0x22000, vm_attribs=0x3
map_page_table_slot@main.c:1638   Mapping pt_timer_0000 into vspace_timer[35] with rights={G: 1, R: 1, W: 0}, vaddr=0x0
map_page@main.c:1435    Mapping frame_timer_0004 into vspace_timer with rights={G: 1, R: 1, W: 0}, vaddr=0x23000, vm_attribs=0x3
map_page_table_slot@main.c:1638   Mapping pt_timer_0000 into vspace_timer[36] with rights={G: 1, R: 1, W: 0}, vaddr=0x0
map_page@main.c:1435    Mapping frame_timer_0005 into vspace_timer with rights={G: 1, R: 1, W: 0}, vaddr=0x24000, vm_attribs=0x3
map_page_table_slot@main.c:1638   Mapping pt_timer_0000 into vspace_timer[37] with rights={G: 1, R: 1, W: 0}, vaddr=0x0
map_page@main.c:1435    Mapping frame_timer_0006 into vspace_timer with rights={G: 1, R: 1, W: 0}, vaddr=0x25000, vm_attribs=0x3
map_page_table_slot@main.c:1638   Mapping pt_timer_0000 into vspace_timer[38] with rights={G: 1, R: 1, W: 0}, vaddr=0x0
map_page@main.c:1435    Mapping frame_timer_0007 into vspace_timer with rights={G: 1, R: 1, W: 0}, vaddr=0x26000, vm_attribs=0x3
map_page_table_slot@main.c:1638   Mapping pt_timer_0000 into vspace_timer[39] with rights={G: 1, R: 1, W: 0}, vaddr=0x0
map_page@main.c:1435    Mapping frame_timer_0008 into vspace_timer with rights={G: 1, R: 1, W: 0}, vaddr=0x27000, vm_attribs=0x3
map_page_table_slot@main.c:1638   Mapping pt_timer_0000 into vspace_timer[40] with rights={G: 1, R: 1, W: 0}, vaddr=0x0
map_page@main.c:1435    Mapping frame_timer_0009 into vspace_timer with rights={G: 1, R: 1, W: 0}, vaddr=0x28000, vm_attribs=0x3
map_page_table_slot@main.c:1638   Mapping pt_timer_0000 into vspace_timer[41] with rights={G: 1, R: 1, W: 0}, vaddr=0x0
map_page@main.c:1435    Mapping frame_timer_0010 into vspace_timer with rights={G: 1, R: 1, W: 0}, vaddr=0x29000, vm_attribs=0x3
map_page_table_slot@main.c:1638   Mapping pt_timer_0000 into vspace_timer[42] with rights={G: 1, R: 1, W: 0}, vaddr=0x0
map_page@main.c:1435    Mapping frame_timer_0011 into vspace_timer with rights={G: 1, R: 1, W: 0}, vaddr=0x2a000, vm_attribs=0x3
map_page_table_slot@main.c:1638   Mapping pt_timer_0000 into vspace_timer[43] with rights={G: 1, R: 1, W: 0}, vaddr=0x0
map_page@main.c:1435    Mapping frame_timer_0012 into vspace_timer with rights={G: 1, R: 1, W: 0}, vaddr=0x2b000, vm_attribs=0x3
map_page_table_slot@main.c:1638   Mapping pt_timer_0000 into vspace_timer[44] with rights={G: 1, R: 1, W: 0}, vaddr=0x0
map_page@main.c:1435    Mapping frame_timer_0013 into vspace_timer with rights={G: 1, R: 1, W: 0}, vaddr=0x2c000, vm_attribs=0x3
map_page_table_slot@main.c:1638   Mapping pt_timer_0000 into vspace_timer[45] with rights={G: 0, R: 1, W: 1}, vaddr=0x0
map_page@main.c:1435    Mapping frame_timer_0014 into vspace_timer with rights={G: 0, R: 1, W: 1}, vaddr=0x2d000, vm_attribs=0x3
map_page_table_slot@main.c:1638   Mapping pt_timer_0000 into vspace_timer[46] with rights={G: 0, R: 1, W: 1}, vaddr=0x0
map_page@main.c:1435    Mapping frame_timer_0015 into vspace_timer with rights={G: 0, R: 1, W: 1}, vaddr=0x2e000, vm_attribs=0x3
map_page_table_slot@main.c:1638   Mapping pt_timer_0000 into vspace_timer[47] with rights={G: 1, R: 1, W: 1}, vaddr=0x0
map_page@main.c:1435    Mapping frame into vspace_timer with rights={G: 1, R: 1, W: 1}, vaddr=0x2f000, vm_attribs=0x3
map_page_table_slot@main.c:1638   Mapping pt_timer_0000 into vspace_timer[48] with rights={G: 0, R: 1, W: 1}, vaddr=0x0
map_page@main.c:1435    Mapping stack_0_timer_obj into vspace_timer with rights={G: 0, R: 1, W: 1}, vaddr=0x30000, vm_attribs=0x3
map_page_table_slot@main.c:1638   Mapping pt_timer_0000 into vspace_timer[49] with rights={G: 0, R: 1, W: 1}, vaddr=0x0
map_page@main.c:1435    Mapping stack_1_timer_obj into vspace_timer with rights={G: 0, R: 1, W: 1}, vaddr=0x31000, vm_attribs=0x3
map_page_table_slot@main.c:1638   Mapping pt_timer_0000 into vspace_timer[50] with rights={G: 0, R: 1, W: 1}, vaddr=0x0
map_page@main.c:1435    Mapping stack_2_timer_obj into vspace_timer with rights={G: 0, R: 1, W: 1}, vaddr=0x32000, vm_attribs=0x3
map_page_table_slot@main.c:1638   Mapping pt_timer_0000 into vspace_timer[51] with rights={G: 0, R: 1, W: 1}, vaddr=0x0
map_page@main.c:1435    Mapping stack_3_timer_obj into vspace_timer with rights={G: 0, R: 1, W: 1}, vaddr=0x33000, vm_attribs=0x3
map_page_table_slot@main.c:1638   Mapping pt_timer_0000 into vspace_timer[52] with rights={G: 0, R: 1, W: 1}, vaddr=0x0
map_page@main.c:1435    Mapping stack_4_timer_obj into vspace_timer with rights={G: 0, R: 1, W: 1}, vaddr=0x34000, vm_attribs=0x3
map_page_table_slot@main.c:1638   Mapping pt_timer_0000 into vspace_timer[53] with rights={G: 0, R: 1, W: 1}, vaddr=0x0
map_page@main.c:1435    Mapping stack_5_timer_obj into vspace_timer with rights={G: 0, R: 1, W: 1}, vaddr=0x35000, vm_attribs=0x3
map_page_table_slot@main.c:1638   Mapping pt_timer_0000 into vspace_timer[54] with rights={G: 0, R: 1, W: 1}, vaddr=0x0
map_page@main.c:1435    Mapping stack_6_timer_obj into vspace_timer with rights={G: 0, R: 1, W: 1}, vaddr=0x36000, vm_attribs=0x3
map_page_table_slot@main.c:1638   Mapping pt_timer_0000 into vspace_timer[55] with rights={G: 0, R: 1, W: 1}, vaddr=0x0
map_page@main.c:1435    Mapping stack_7_timer_obj into vspace_timer with rights={G: 0, R: 1, W: 1}, vaddr=0x37000, vm_attribs=0x3
map_page_table_slot@main.c:1638   Mapping pt_timer_0000 into vspace_timer[56] with rights={G: 0, R: 1, W: 1}, vaddr=0x0
map_page@main.c:1435    Mapping stack_8_timer_obj into vspace_timer with rights={G: 0, R: 1, W: 1}, vaddr=0x38000, vm_attribs=0x3
map_page_table_slot@main.c:1638   Mapping pt_timer_0000 into vspace_timer[57] with rights={G: 0, R: 1, W: 1}, vaddr=0x0
map_page@main.c:1435    Mapping stack_9_timer_obj into vspace_timer with rights={G: 0, R: 1, W: 1}, vaddr=0x39000, vm_attribs=0x3
map_page_table_slot@main.c:1638   Mapping pt_timer_0000 into vspace_timer[58] with rights={G: 0, R: 1, W: 1}, vaddr=0x0
map_page@main.c:1435    Mapping stack_10_timer_obj into vspace_timer with rights={G: 0, R: 1, W: 1}, vaddr=0x3a000, vm_attribs=0x3
map_page_table_slot@main.c:1638   Mapping pt_timer_0000 into vspace_timer[59] with rights={G: 0, R: 1, W: 1}, vaddr=0x0
map_page@main.c:1435    Mapping stack_11_timer_obj into vspace_timer with rights={G: 0, R: 1, W: 1}, vaddr=0x3b000, vm_attribs=0x3
map_page_table_slot@main.c:1638   Mapping pt_timer_0000 into vspace_timer[60] with rights={G: 0, R: 1, W: 1}, vaddr=0x0
map_page@main.c:1435    Mapping stack_12_timer_obj into vspace_timer with rights={G: 0, R: 1, W: 1}, vaddr=0x3c000, vm_attribs=0x3
map_page_table_slot@main.c:1638   Mapping pt_timer_0000 into vspace_timer[61] with rights={G: 0, R: 1, W: 1}, vaddr=0x0
map_page@main.c:1435    Mapping stack_13_timer_obj into vspace_timer with rights={G: 0, R: 1, W: 1}, vaddr=0x3d000, vm_attribs=0x3
map_page_table_slot@main.c:1638   Mapping pt_timer_0000 into vspace_timer[62] with rights={G: 0, R: 1, W: 1}, vaddr=0x0
map_page@main.c:1435    Mapping stack_14_timer_obj into vspace_timer with rights={G: 0, R: 1, W: 1}, vaddr=0x3e000, vm_attribs=0x3
map_page_table_slot@main.c:1638   Mapping pt_timer_0000 into vspace_timer[63] with rights={G: 0, R: 1, W: 1}, vaddr=0x0
map_page@main.c:1435    Mapping stack_15_timer_obj into vspace_timer with rights={G: 0, R: 1, W: 1}, vaddr=0x3f000, vm_attribs=0x3
map_page_table_slot@main.c:1638   Mapping pt_timer_0000 into vspace_timer[64] with rights={G: 0, R: 1, W: 1}, vaddr=0x0
map_page@main.c:1435    Mapping ipc_timer_obj into vspace_timer with rights={G: 0, R: 1, W: 1}, vaddr=0x40000, vm_attribs=0x3
map_page_table_slot@main.c:1638   Mapping pt_timer_0000 into vspace_timer[65] with rights={G: 0, R: 1, W: 1}, vaddr=0x0
map_page@main.c:1435    Mapping frame_timer_0034 into vspace_timer with rights={G: 0, R: 1, W: 1}, vaddr=0x41000, vm_attribs=0x3
map_page_table_slot@main.c:1638   Mapping pt_timer_0000 into vspace_timer[66] with rights={G: 0, R: 1, W: 1}, vaddr=0x0
map_page@main.c:1435    Mapping frame_timer_0035 into vspace_timer with rights={G: 0, R: 1, W: 1}, vaddr=0x42000, vm_attribs=0x3
map_page_table_slot@main.c:1638   Mapping pt_timer_0000 into vspace_timer[67] with rights={G: 0, R: 1, W: 1}, vaddr=0x0
map_page@main.c:1435    Mapping frame_timer_0036 into vspace_timer with rights={G: 0, R: 1, W: 1}, vaddr=0x43000, vm_attribs=0x3
map_page_table_slot@main.c:1638   Mapping pt_timer_0000 into vspace_timer[68] with rights={G: 0, R: 1, W: 1}, vaddr=0x0
map_page@main.c:1435    Mapping frame_timer_0037 into vspace_timer with rights={G: 0, R: 1, W: 1}, vaddr=0x44000, vm_attribs=0x3
map_page_table_slot@main.c:1638   Mapping pt_timer_0000 into vspace_timer[69] with rights={G: 0, R: 1, W: 1}, vaddr=0x0
map_page@main.c:1435    Mapping frame_timer_0038 into vspace_timer with rights={G: 0, R: 1, W: 1}, vaddr=0x45000, vm_attribs=0x3
map_page_table_slot@main.c:1638   Mapping pt_timer_0000 into vspace_timer[70] with rights={G: 0, R: 1, W: 1}, vaddr=0x0
map_page@main.c:1435    Mapping frame_timer_0039 into vspace_timer with rights={G: 0, R: 1, W: 1}, vaddr=0x46000, vm_attribs=0x3
map_page_table_slot@main.c:1638   Mapping pt_timer_0000 into vspace_timer[71] with rights={G: 0, R: 1, W: 1}, vaddr=0x0
map_page@main.c:1435    Mapping frame_timer_0040 into vspace_timer with rights={G: 0, R: 1, W: 1}, vaddr=0x47000, vm_attribs=0x3
map_page_table_slot@main.c:1638   Mapping pt_timer_0000 into vspace_timer[72] with rights={G: 0, R: 1, W: 1}, vaddr=0x0
map_page@main.c:1435    Mapping frame_timer_0041 into vspace_timer with rights={G: 0, R: 1, W: 1}, vaddr=0x48000, vm_attribs=0x3
map_page_table_slot@main.c:1638   Mapping pt_timer_0000 into vspace_timer[73] with rights={G: 0, R: 1, W: 1}, vaddr=0x0
map_page@main.c:1435    Mapping frame_timer_0042 into vspace_timer with rights={G: 0, R: 1, W: 1}, vaddr=0x49000, vm_attribs=0x3
map_page_table_slot@main.c:1638   Mapping pt_timer_0000 into vspace_timer[74] with rights={G: 0, R: 1, W: 1}, vaddr=0x0
map_page@main.c:1435    Mapping frame_timer_0043 into vspace_timer with rights={G: 0, R: 1, W: 1}, vaddr=0x4a000, vm_attribs=0x3
map_page_table_slot@main.c:1638   Mapping pt_timer_0000 into vspace_timer[75] with rights={G: 0, R: 1, W: 1}, vaddr=0x0
map_page@main.c:1435    Mapping frame_timer_0044 into vspace_timer with rights={G: 0, R: 1, W: 1}, vaddr=0x4b000, vm_attribs=0x3
map_page_table_slot@main.c:1638   Mapping pt_timer_0000 into vspace_timer[76] with rights={G: 0, R: 1, W: 1}, vaddr=0x0
map_page@main.c:1435    Mapping frame_timer_0045 into vspace_timer with rights={G: 0, R: 1, W: 1}, vaddr=0x4c000, vm_attribs=0x3
map_page_table_slot@main.c:1638   Mapping pt_timer_0000 into vspace_timer[77] with rights={G: 0, R: 1, W: 1}, vaddr=0x0
map_page@main.c:1435    Mapping frame_timer_0046 into vspace_timer with rights={G: 0, R: 1, W: 1}, vaddr=0x4d000, vm_attribs=0x3
map_page_table_slot@main.c:1638   Mapping pt_timer_0000 into vspace_timer[78] with rights={G: 0, R: 1, W: 1}, vaddr=0x0
map_page@main.c:1435    Mapping frame_timer_0047 into vspace_timer with rights={G: 0, R: 1, W: 1}, vaddr=0x4e000, vm_attribs=0x3
map_page_table_slot@main.c:1638   Mapping pt_timer_0000 into vspace_timer[79] with rights={G: 0, R: 1, W: 1}, vaddr=0x0
map_page@main.c:1435    Mapping frame_timer_0048 into vspace_timer with rights={G: 0, R: 1, W: 1}, vaddr=0x4f000, vm_attribs=0x3
map_page_table_slot@main.c:1638   Mapping pt_timer_0000 into vspace_timer[80] with rights={G: 0, R: 1, W: 1}, vaddr=0x0
map_page@main.c:1435    Mapping frame_timer_0049 into vspace_timer with rights={G: 0, R: 1, W: 1}, vaddr=0x50000, vm_attribs=0x3
map_page_table_slot@main.c:1638   Mapping pt_timer_0000 into vspace_timer[96] with rights={G: 0, R: 1, W: 1}, vaddr=0x0
map_page@main.c:1435    Mapping frame_timer_0050 into vspace_timer with rights={G: 0, R: 1, W: 1}, vaddr=0x60000, vm_attribs=0x3
map_page_table_slot@main.c:1638   Mapping pt_timer_0000 into vspace_timer[112] with rights={G: 0, R: 1, W: 1}, vaddr=0x0
map_page@main.c:1435    Mapping frame_timer_0051 into vspace_timer with rights={G: 0, R: 1, W: 1}, vaddr=0x70000, vm_attribs=0x3
map_page_table_slot@main.c:1638   Mapping pt_timer_0000 into vspace_timer[128] with rights={G: 0, R: 1, W: 1}, vaddr=0x0
map_page@main.c:1435    Mapping frame_timer_0052 into vspace_timer with rights={G: 0, R: 1, W: 1}, vaddr=0x80000, vm_attribs=0x3
map_page_table_slot@main.c:1638   Mapping pt_timer_0000 into vspace_timer[144] with rights={G: 0, R: 1, W: 1}, vaddr=0x0
map_page@main.c:1435    Mapping frame_timer_0053 into vspace_timer with rights={G: 0, R: 1, W: 1}, vaddr=0x90000, vm_attribs=0x3
map_page_table_slot@main.c:1638   Mapping pt_timer_0000 into vspace_timer[160] with rights={G: 0, R: 1, W: 1}, vaddr=0x0
map_page@main.c:1435    Mapping frame_timer_0054 into vspace_timer with rights={G: 0, R: 1, W: 1}, vaddr=0xa0000, vm_attribs=0x3
map_page_table_slot@main.c:1638   Mapping pt_timer_0000 into vspace_timer[176] with rights={G: 0, R: 1, W: 1}, vaddr=0x0
map_page@main.c:1435    Mapping frame_timer_0055 into vspace_timer with rights={G: 0, R: 1, W: 1}, vaddr=0xb0000, vm_attribs=0x3
map_page_table_slot@main.c:1638   Mapping pt_timer_0000 into vspace_timer[192] with rights={G: 0, R: 1, W: 1}, vaddr=0x0
map_page@main.c:1435    Mapping frame_timer_0056 into vspace_timer with rights={G: 0, R: 1, W: 1}, vaddr=0xc0000, vm_attribs=0x3
map_page_table_slot@main.c:1638   Mapping pt_timer_0000 into vspace_timer[208] with rights={G: 0, R: 1, W: 1}, vaddr=0x0
map_page@main.c:1435    Mapping frame_timer_0057 into vspace_timer with rights={G: 0, R: 1, W: 1}, vaddr=0xd0000, vm_attribs=0x3
map_page_table_slot@main.c:1638   Mapping pt_timer_0000 into vspace_timer[224] with rights={G: 0, R: 1, W: 1}, vaddr=0x0
map_page@main.c:1435    Mapping frame_timer_0058 into vspace_timer with rights={G: 0, R: 1, W: 1}, vaddr=0xe0000, vm_attribs=0x3
map_page_table_slot@main.c:1638   Mapping pt_timer_0000 into vspace_timer[240] with rights={G: 0, R: 1, W: 1}, vaddr=0x0
map_page@main.c:1435    Mapping frame_timer_0059 into vspace_timer with rights={G: 0, R: 1, W: 1}, vaddr=0xf0000, vm_attribs=0x3
map_page_table_slot@main.c:1638   Mapping pt_timer_0061 into vspace_timer[0] with rights={G: 0, R: 1, W: 1}, vaddr=0x100000
map_page@main.c:1435    Mapping frame_timer_0060 into vspace_timer with rights={G: 0, R: 1, W: 1}, vaddr=0x100000, vm_attribs=0x3
map_page_table_slot@main.c:1638   Mapping pt_timer_0061 into vspace_timer[16] with rights={G: 0, R: 1, W: 1}, vaddr=0x100000
map_page@main.c:1435    Mapping frame_timer_0061 into vspace_timer with rights={G: 0, R: 1, W: 1}, vaddr=0x110000, vm_attribs=0x3
map_page_table_slot@main.c:1638   Mapping pt_timer_0061 into vspace_timer[32] with rights={G: 0, R: 1, W: 1}, vaddr=0x100000
map_page@main.c:1435    Mapping frame_timer_0062 into vspace_timer with rights={G: 0, R: 1, W: 1}, vaddr=0x120000, vm_attribs=0x3
map_page_table_slot@main.c:1638   Mapping pt_timer_0061 into vspace_timer[48] with rights={G: 0, R: 1, W: 1}, vaddr=0x100000
map_page@main.c:1435    Mapping frame_timer_0063 into vspace_timer with rights={G: 0, R: 1, W: 1}, vaddr=0x130000, vm_attribs=0x3
map_page_table_slot@main.c:1638   Mapping pt_timer_0061 into vspace_timer[64] with rights={G: 0, R: 1, W: 1}, vaddr=0x100000
map_page@main.c:1435    Mapping frame_timer_0064 into vspace_timer with rights={G: 0, R: 1, W: 1}, vaddr=0x140000, vm_attribs=0x3
map_page_table_slot@main.c:1638   Mapping pt_timer_0061 into vspace_timer[65] with rights={G: 0, R: 1, W: 1}, vaddr=0x100000
map_page@main.c:1435    Mapping frame_timer_0065 into vspace_timer with rights={G: 0, R: 1, W: 1}, vaddr=0x141000, vm_attribs=0x3
map_page_table_slot@main.c:1638   Mapping pt_timer_0061 into vspace_timer[66] with rights={G: 0, R: 1, W: 1}, vaddr=0x100000
map_page@main.c:1435    Mapping frame_timer_0066 into vspace_timer with rights={G: 0, R: 1, W: 1}, vaddr=0x142000, vm_attribs=0x3
map_page_table_slot@main.c:1638   Mapping pt_timer_0061 into vspace_timer[67] with rights={G: 0, R: 1, W: 1}, vaddr=0x100000
map_page@main.c:1435    Mapping frame_timer_0067 into vspace_timer with rights={G: 0, R: 1, W: 1}, vaddr=0x143000, vm_attribs=0x3
map_page_table_slot@main.c:1638   Mapping pt_timer_0061 into vspace_timer[68] with rights={G: 0, R: 1, W: 1}, vaddr=0x100000
map_page@main.c:1435    Mapping frame_timer_0068 into vspace_timer with rights={G: 0, R: 1, W: 1}, vaddr=0x144000, vm_attribs=0x3
map_page_table_slot@main.c:1638   Mapping pt_timer_0061 into vspace_timer[69] with rights={G: 0, R: 1, W: 1}, vaddr=0x100000
map_page@main.c:1435    Mapping frame_timer_0069 into vspace_timer with rights={G: 0, R: 1, W: 1}, vaddr=0x145000, vm_attribs=0x3
map_page_table_slot@main.c:1638   Mapping pt_timer_0061 into vspace_timer[70] with rights={G: 0, R: 1, W: 1}, vaddr=0x100000
map_page@main.c:1435    Mapping frame_timer_0070 into vspace_timer with rights={G: 0, R: 1, W: 1}, vaddr=0x146000, vm_attribs=0x3
map_page_table_slot@main.c:1638   Mapping pt_timer_0061 into vspace_timer[71] with rights={G: 0, R: 1, W: 1}, vaddr=0x100000
map_page@main.c:1435    Mapping frame_timer_0071 into vspace_timer with rights={G: 0, R: 1, W: 1}, vaddr=0x147000, vm_attribs=0x3
init_scs@main.c:2026  Initialising SCs
init_tcbs@main.c:1332 Initialising TCBs...
init_tcbs@main.c:1335  Initialising tcb_client...
init_tcbs@main.c:1338  Configuring tcb_client...
configure_tcb@main.c:1310   Setting up _start()
configure_tcb@main.c:1311    pc   = 0x10164
configure_tcb@main.c:1312    sp   = 0x2dfd0
configure_tcb@main.c:1314    arg0 = 0
configure_tcb@main.c:1314    arg1 = 0
configure_tcb@main.c:1314    arg2 = 0
configure_tcb@main.c:1314    arg3 = 0
configure_tcb@main.c:1314    arg4 = 0x2
configure_tcb@main.c:1314    arg5 = 0x2c008
configure_tcb@main.c:1314    arg6 = 0x1
configure_tcb@main.c:1314    arg7 = 0
configure_tcb@main.c:1314    arg8 = 0
configure_tcb@main.c:1314    arg9 = 0x20
configure_tcb@main.c:1314    arg10 = 0x12ab8
configure_tcb@main.c:1314    arg11 = 0
configure_tcb@main.c:1314    arg12 = 0
configure_tcb@main.c:1325   Assigning thread to domain 0...
init_tcbs@main.c:1335  Initialising tcb_timer...
init_tcbs@main.c:1338  Configuring tcb_timer...
configure_tcb@main.c:1310   Setting up _start()
configure_tcb@main.c:1311    pc   = 0x10164
configure_tcb@main.c:1312    sp   = 0x30fd0
configure_tcb@main.c:1314    arg0 = 0
configure_tcb@main.c:1314    arg1 = 0
configure_tcb@main.c:1314    arg2 = 0
configure_tcb@main.c:1314    arg3 = 0
configure_tcb@main.c:1314    arg4 = 0x2
configure_tcb@main.c:1314    arg5 = 0x2e028
configure_tcb@main.c:1314    arg6 = 0x1
configure_tcb@main.c:1314    arg7 = 0
configure_tcb@main.c:1314    arg8 = 0
configure_tcb@main.c:1314    arg9 = 0x20
configure_tcb@main.c:1314    arg10 = 0x145e0
configure_tcb@main.c:1314    arg11 = 0
configure_tcb@main.c:1314    arg12 = 0
configure_tcb@main.c:1325   Assigning thread to domain 0...
init_cspace@main.c:1870 Copying Caps...
init_cspace@main.c:1873  Copying into cnode_timer...
init_cnode@main.c:1860   Populating slot 1 with cap to endpoint...
init_cnode_slot@main.c:1840 minting (with badge/guard 0)...
init_cnode@main.c:1860   Populating slot 2 with cap to ntfn...
init_cnode_slot@main.c:1840 minting (with badge/guard 0)...
init_cnode@main.c:1860   Populating slot 3 with cap to device_untyped...
init_cnode_slot@main.c:1840 minting (with badge/guard 0)...
init_cnode@main.c:1860   Populating slot 5 with cap to cnode_timer...
init_cnode_slot@main.c:1840 minting (with badge/guard 0xe0)...
init_cnode@main.c:1860   Populating slot 6 with cap to vspace_timer...
init_cnode_slot@main.c:1840 minting (with badge/guard 0)...
init_cnode@main.c:1860   Populating slot 7 with cap to frame...
init_cnode_slot@main.c:1840 minting (with badge/guard 0)...
init_cnode@main.c:1860   Populating slot 8 with cap to device_untyped...
init_cnode_slot@main.c:1846 skipping
init_cnode@main.c:1860   Populating slot 10 with cap to tcb_timer...
init_cnode_slot@main.c:1840 minting (with badge/guard 0)...
init_cspace@main.c:1873  Copying into cnode_client...
init_cnode@main.c:1860   Populating slot 1 with cap to endpoint...
init_cnode_slot@main.c:1840 minting (with badge/guard 0x3d)...
init_cnode@main.c:1860   Populating slot 2 with cap to tcb_client...
init_cnode_slot@main.c:1840 minting (with badge/guard 0)...
init_cspace@main.c:1878 Moving Caps...
init_cspace@main.c:1881  Moving into cnode_timer...
init_cnode@main.c:1860   Populating slot 1 with cap to endpoint...
init_cnode_slot@main.c:1846 skipping
init_cnode@main.c:1860   Populating slot 2 with cap to ntfn...
init_cnode_slot@main.c:1846 skipping
init_cnode@main.c:1860   Populating slot 3 with cap to device_untyped...
init_cnode_slot@main.c:1846 skipping
init_cnode@main.c:1860   Populating slot 5 with cap to cnode_timer...
init_cnode_slot@main.c:1846 skipping
init_cnode@main.c:1860   Populating slot 6 with cap to vspace_timer...
init_cnode_slot@main.c:1846 skipping
init_cnode@main.c:1860   Populating slot 7 with cap to frame...
init_cnode_slot@main.c:1846 skipping
init_cnode@main.c:1860   Populating slot 8 with cap to device_untyped...
init_cnode_slot@main.c:1805 moving...
init_cnode@main.c:1860   Populating slot 10 with cap to tcb_timer...
init_cnode_slot@main.c:1846 skipping
init_cspace@main.c:1881  Moving into cnode_client...
init_cnode@main.c:1860   Populating slot 1 with cap to endpoint...
init_cnode_slot@main.c:1846 skipping
init_cnode@main.c:1860   Populating slot 2 with cap to tcb_client...
init_cnode_slot@main.c:1846 skipping
start_threads@main.c:1889 Starting threads...
start_threads@main.c:1892  Starting tcb_client...
start_threads@main.c:1892  Starting tcb_timer...
init_system@main.c:2099 1015 of 65536 CSlots used (1.55%)
main@main.c:2130 [0m[32mCapDL Loader done, suspending...[0m
timer client: hey hey hey
timer: got a message from 61 to sleep 2 seconds
Tick count:0
Tick count:100
Tick count:200
Tick count:300
Tick count:400
Tick count:500
Tick count:600
Tick count:700
Tick count:800
Tick count:900
Tick count:1000
Tick count:1100
Tick count:1200
Tick count:1300
Tick count:1400
Tick count:1500
Tick count:1600
Tick count:1700
Tick count:1800
Tick count:1900
timer client wakes up
qemu-system-arm: terminating on signal 1 from pid 1 (/sbin/init)
